  [1m[36m (83.2ms)[0m  [1mCREATE TABLE "schema_migrations" ("version" character varying NOT NULL) [0m
  [1m[35m (39.3ms)[0m  CREATE UNIQUE INDEX  "unique_schema_migrations" ON "schema_migrations"  ("version")
  [1m[36mActiveRecord::SchemaMigration Load (0.6ms)[0m  [1mSELECT "schema_migrations".* FROM "schema_migrations"[0m
Migrating to CreateContacts (20150825072036)
  [1m[35m (0.2ms)[0m  BEGIN
  [1m[36m (71.6ms)[0m  [1mCREATE TABLE "contacts" ("id" serial primary key, "name" character varying, "address" character varying, "city" character varying, "phone" character varying, "email" character varying, "created_at" timestamp NOT NULL, "updated_at" timestamp NOT NULL) [0m
  [1m[35mSQL (0.6ms)[0m  INSERT INTO "schema_migrations" ("version") VALUES ($1)  [["version", "20150825072036"]]
  [1m[36m (16.3ms)[0m  [1mCOMMIT[0m
  [1m[35mActiveRecord::SchemaMigration Load (0.4ms)[0m  SELECT "schema_migrations".* FROM "schema_migrations"
  [1m[36m (5.4ms)[0m  [1mSELECT t2.oid::regclass::text AS to_table, a1.attname AS column, a2.attname AS primary_key, c.conname AS name, c.confupdtype AS on_update, c.confdeltype AS on_delete
FROM pg_constraint c
JOIN pg_class t1 ON c.conrelid = t1.oid
JOIN pg_class t2 ON c.confrelid = t2.oid
JOIN pg_attribute a1 ON a1.attnum = c.conkey[1] AND a1.attrelid = t1.oid
JOIN pg_attribute a2 ON a2.attnum = c.confkey[1] AND a2.attrelid = t2.oid
JOIN pg_namespace t3 ON c.connamespace = t3.oid
WHERE c.contype = 'f'
  AND t1.relname = 'contacts'
  AND t3.nspname = ANY (current_schemas(false))
ORDER BY c.conname
[0m


Started GET "/" for 127.0.0.1 at 2015-08-25 00:23:38 -0700
  [1m[36mActiveRecord::SchemaMigration Load (0.6ms)[0m  [1mSELECT "schema_migrations".* FROM "schema_migrations"[0m
Processing by Rails::WelcomeController#index as HTML
  Rendered /home/dell/.rvm/gems/ruby-2.1.5/gems/railties-4.2.3/lib/rails/templates/rails/welcome/index.html.erb (2.4ms)
Completed 200 OK in 82ms (Views: 56.1ms | ActiveRecord: 0.0ms)


Started GET "/contacts" for 127.0.0.1 at 2015-08-25 00:24:12 -0700
Processing by ContactsController#index as HTML
  [1m[35mContact Load (0.6ms)[0m  SELECT "contacts".* FROM "contacts"
  Rendered contacts/index.html.erb within layouts/application (4.5ms)
Completed 200 OK in 1464ms (Views: 1458.9ms | ActiveRecord: 1.4ms)


Started GET "/assets/contacts.self-e3b0c44298fc1c149afbf4c8996fb92427ae41e4649b934ca495991b7852b855.css?body=1" for 127.0.0.1 at 2015-08-25 00:24:13 -0700


Started GET "/assets/scaffolds.self-61ea4e41c9953f0359ffbe1bedc89741b654d7888f02fd2941cf9d8751f4bde0.css?body=1" for 127.0.0.1 at 2015-08-25 00:24:13 -0700


Started GET "/assets/jquery_ujs.self-ca5248a2fad13d6bd58ea121318d642f195f0b2dd818b30615f785ff365e8d1f.js?body=1" for 127.0.0.1 at 2015-08-25 00:24:13 -0700


Started GET "/assets/contacts.self-877aef30ae1b040ab8a3aba4e3e309a11d7f2612f44dde450b5c157aa5f95c05.js?body=1" for 127.0.0.1 at 2015-08-25 00:24:13 -0700
